TN:
SF:C:\Users\iyke\projects\Andela II\moreX\server\app.js
FNF:0
FNH:0
DA:1,1
DA:2,1
DA:3,1
DA:4,1
DA:7,1
DA:10,1
DA:13,1
DA:14,1
DA:18,1
DA:22,1
LF:10
LH:10
BRF:0
BRH:0
end_of_record
TN:
SF:C:\Users\iyke\projects\Andela II\moreX\server\controllers\recipes\addRecipe.js
FN:4,(anonymous_0)
FNF:1
FNH:1
FNDA:2,(anonymous_0)
DA:4,1
DA:5,2
DA:6,1
DA:10,2
DA:15,2
LF:5
LH:5
BRDA:5,0,0,1
BRDA:5,0,1,1
BRDA:5,1,0,2
BRDA:5,1,1,1
BRF:4
BRH:4
end_of_record
TN:
SF:C:\Users\iyke\projects\Andela II\moreX\server\controllers\recipes\addReview.js
FN:3,(anonymous_0)
FNF:1
FNH:1
FNDA:2,(anonymous_0)
DA:3,1
DA:4,2
DA:5,2
DA:10,1
LF:4
LH:4
BRF:0
BRH:0
end_of_record
TN:
SF:C:\Users\iyke\projects\Andela II\moreX\server\controllers\recipes\allRecipe.js
FN:3,(anonymous_0)
FNF:1
FNH:1
FNDA:3,(anonymous_0)
DA:3,1
DA:4,3
LF:2
LH:2
BRF:0
BRH:0
end_of_record
TN:
SF:C:\Users\iyke\projects\Andela II\moreX\server\controllers\recipes\deleteRecipe.js
FN:3,(anonymous_0)
FNF:1
FNH:1
FNDA:3,(anonymous_0)
DA:3,1
DA:4,3
DA:5,3
DA:10,1
LF:4
LH:4
BRF:0
BRH:0
end_of_record
TN:
SF:C:\Users\iyke\projects\Andela II\moreX\server\controllers\recipes\downvoteRecipe.js
FN:3,(anonymous_0)
FNF:1
FNH:1
FNDA:1,(anonymous_0)
DA:3,1
DA:4,1
DA:5,1
DA:10,0
LF:4
LH:3
BRF:0
BRH:0
end_of_record
TN:
SF:C:\Users\iyke\projects\Andela II\moreX\server\controllers\recipes\index.js
FNF:0
FNH:0
DA:15,1
LF:1
LH:1
BRF:0
BRH:0
end_of_record
TN:
SF:C:\Users\iyke\projects\Andela II\moreX\server\controllers\recipes\recipeSort.js
FNF:0
FNH:0
LF:0
LH:0
BRF:0
BRH:0
end_of_record
TN:
SF:C:\Users\iyke\projects\Andela II\moreX\server\controllers\recipes\updateRecipe.js
FN:4,(anonymous_0)
FNF:1
FNH:1
FNDA:2,(anonymous_0)
DA:4,1
DA:5,2
DA:6,2
DA:11,1
LF:4
LH:4
BRF:0
BRH:0
end_of_record
TN:
SF:C:\Users\iyke\projects\Andela II\moreX\server\controllers\recipes\upvoteRecipe.js
FN:3,(anonymous_0)
FNF:1
FNH:1
FNDA:3,(anonymous_0)
DA:3,1
DA:4,3
DA:5,3
DA:10,2
LF:4
LH:4
BRF:0
BRH:0
end_of_record
TN:
SF:C:\Users\iyke\projects\Andela II\moreX\server\data\recipes.js
FN:11,(anonymous_0)
FN:24,(anonymous_1)
FN:32,(anonymous_2)
FN:40,(anonymous_3)
FN:55,(anonymous_4)
FN:68,(anonymous_5)
FN:96,(anonymous_6)
FN:101,(anonymous_7)
FN:105,(anonymous_8)
FN:117,(anonymous_9)
FN:130,(anonymous_10)
FN:131,(anonymous_11)
FN:151,(anonymous_12)
FN:152,(anonymous_13)
FN:171,(anonymous_14)
FN:172,(anonymous_15)
FN:189,(anonymous_16)
FN:190,(anonymous_17)
FN:209,(anonymous_18)
FN:210,(anonymous_19)
FNF:20
FNH:19
FNDA:2,(anonymous_0)
FNDA:1,(anonymous_1)
FNDA:1,(anonymous_2)
FNDA:1,(anonymous_3)
FNDA:1,(anonymous_4)
FNDA:1,(anonymous_5)
FNDA:3,(anonymous_6)
FNDA:5,(anonymous_7)
FNDA:0,(anonymous_8)
FNDA:2,(anonymous_9)
FNDA:2,(anonymous_10)
FNDA:8,(anonymous_11)
FNDA:3,(anonymous_12)
FNDA:12,(anonymous_13)
FNDA:1,(anonymous_14)
FNDA:4,(anonymous_15)
FNDA:3,(anonymous_16)
FNDA:9,(anonymous_17)
FNDA:2,(anonymous_18)
FNDA:8,(anonymous_19)
DA:12,2
DA:13,2
DA:14,2
DA:15,2
DA:16,2
DA:25,1
DA:26,1
DA:33,1
DA:34,1
DA:41,1
DA:42,1
DA:56,1
DA:57,1
DA:69,1
DA:97,3
DA:98,2
DA:100,1
DA:101,1
DA:102,5
DA:105,0
DA:106,0
DA:118,2
DA:119,2
DA:120,2
DA:121,2
DA:131,8
DA:132,2
DA:133,1
DA:135,1
DA:136,4
DA:137,1
DA:138,1
DA:139,1
DA:152,12
DA:153,3
DA:154,2
DA:156,1
DA:157,4
DA:158,1
DA:172,4
DA:173,1
DA:174,0
DA:176,1
DA:177,4
DA:178,1
DA:190,9
DA:191,3
DA:192,1
DA:194,2
DA:195,5
DA:196,2
DA:197,2
DA:210,8
DA:211,2
DA:212,1
DA:214,1
DA:215,3
DA:216,1
DA:221,1
DA:222,1
DA:230,1
LF:61
LH:58
BRDA:97,0,0,2
BRDA:97,0,1,1
BRDA:97,1,0,3
BRDA:97,1,1,1
BRDA:100,2,0,1
BRDA:100,2,1,0
BRDA:132,3,0,1
BRDA:132,3,1,1
BRDA:136,4,0,1
BRDA:136,4,1,3
BRDA:153,5,0,2
BRDA:153,5,1,1
BRDA:157,6,0,1
BRDA:157,6,1,3
BRDA:173,7,0,0
BRDA:173,7,1,1
BRDA:177,8,0,1
BRDA:177,8,1,3
BRDA:191,9,0,1
BRDA:191,9,1,2
BRDA:195,10,0,2
BRDA:195,10,1,3
BRDA:211,11,0,1
BRDA:211,11,1,1
BRDA:215,12,0,1
BRDA:215,12,1,2
BRDA:218,13,0,1
BRDA:218,13,1,0
BRDA:219,14,0,1
BRDA:219,14,1,1
BRF:30
BRH:27
end_of_record
TN:
SF:C:\Users\iyke\projects\Andela II\moreX\server\routes\index.js
FNF:0
FNH:0
DA:5,1
DA:7,1
DA:9,1
LF:3
LH:3
BRF:0
BRH:0
end_of_record
TN:
SF:C:\Users\iyke\projects\Andela II\moreX\server\routes\recipeRouter.js
FNF:0
FNH:0
DA:4,1
DA:6,1
DA:8,1
DA:10,1
DA:12,1
DA:14,1
DA:16,1
DA:18,1
DA:21,1
LF:9
LH:9
BRF:0
BRH:0
end_of_record
TN:
SF:C:\Users\iyke\projects\Andela II\moreX\server\test\test.js
FN:16,(anonymous_0)
FN:17,(anonymous_1)
FN:18,(anonymous_2)
FN:28,(anonymous_3)
FN:33,(anonymous_4)
FN:40,(anonymous_5)
FN:45,(anonymous_6)
FN:54,(anonymous_7)
FN:55,(anonymous_8)
FN:58,(anonymous_9)
FN:66,(anonymous_10)
FN:68,(anonymous_11)
FN:76,(anonymous_12)
FN:77,(anonymous_13)
FN:79,(anonymous_14)
FN:87,(anonymous_15)
FN:89,(anonymous_16)
FN:97,(anonymous_17)
FN:98,(anonymous_18)
FN:100,(anonymous_19)
FN:108,(anonymous_20)
FN:110,(anonymous_21)
FN:118,(anonymous_22)
FN:119,(anonymous_23)
FN:121,(anonymous_24)
FN:129,(anonymous_25)
FN:131,(anonymous_26)
FN:139,(anonymous_27)
FN:140,(anonymous_28)
FN:142,(anonymous_29)
FN:152,(anonymous_30)
FN:153,(anonymous_31)
FN:156,(anonymous_32)
FN:164,(anonymous_33)
FN:167,(anonymous_34)
FN:176,(anonymous_35)
FN:177,(anonymous_36)
FN:179,(anonymous_37)
FN:186,(anonymous_38)
FN:188,(anonymous_39)
FN:195,(anonymous_40)
FN:197,(anonymous_41)
FNF:42
FNH:42
FNDA:1,(anonymous_0)
FNDA:1,(anonymous_1)
FNDA:2,(anonymous_2)
FNDA:1,(anonymous_3)
FNDA:1,(anonymous_4)
FNDA:1,(anonymous_5)
FNDA:1,(anonymous_6)
FNDA:1,(anonymous_7)
FNDA:1,(anonymous_8)
FNDA:1,(anonymous_9)
FNDA:1,(anonymous_10)
FNDA:1,(anonymous_11)
FNDA:1,(anonymous_12)
FNDA:1,(anonymous_13)
FNDA:1,(anonymous_14)
FNDA:1,(anonymous_15)
FNDA:1,(anonymous_16)
FNDA:1,(anonymous_17)
FNDA:1,(anonymous_18)
FNDA:1,(anonymous_19)
FNDA:1,(anonymous_20)
FNDA:1,(anonymous_21)
FNDA:1,(anonymous_22)
FNDA:1,(anonymous_23)
FNDA:1,(anonymous_24)
FNDA:1,(anonymous_25)
FNDA:1,(anonymous_26)
FNDA:1,(anonymous_27)
FNDA:1,(anonymous_28)
FNDA:1,(anonymous_29)
FNDA:1,(anonymous_30)
FNDA:1,(anonymous_31)
FNDA:1,(anonymous_32)
FNDA:1,(anonymous_33)
FNDA:1,(anonymous_34)
FNDA:1,(anonymous_35)
FNDA:1,(anonymous_36)
FNDA:1,(anonymous_37)
FNDA:1,(anonymous_38)
FNDA:1,(anonymous_39)
FNDA:1,(anonymous_40)
FNDA:1,(anonymous_41)
DA:5,1
DA:6,1
DA:7,1
DA:10,1
DA:16,1
DA:17,1
DA:18,1
DA:19,2
DA:28,1
DA:29,1
DA:30,1
DA:31,1
DA:34,1
DA:35,1
DA:36,1
DA:40,1
DA:41,1
DA:42,1
DA:43,1
DA:46,1
DA:47,1
DA:48,1
DA:49,1
DA:54,1
DA:55,1
DA:56,1
DA:59,1
DA:60,1
DA:61,1
DA:62,1
DA:66,1
DA:67,1
DA:69,1
DA:70,1
DA:71,1
DA:76,1
DA:77,1
DA:78,1
DA:80,1
DA:81,1
DA:82,1
DA:83,1
DA:87,1
DA:88,1
DA:90,1
DA:91,1
DA:92,1
DA:97,1
DA:98,1
DA:99,1
DA:101,1
DA:102,1
DA:103,1
DA:104,1
DA:108,1
DA:109,1
DA:111,1
DA:112,1
DA:113,1
DA:118,1
DA:119,1
DA:120,1
DA:122,1
DA:123,1
DA:124,1
DA:125,1
DA:129,1
DA:130,1
DA:132,1
DA:133,1
DA:134,1
DA:139,1
DA:140,1
DA:141,1
DA:143,1
DA:144,1
DA:145,1
DA:146,1
DA:152,1
DA:153,1
DA:154,1
DA:157,1
DA:158,1
DA:159,1
DA:164,1
DA:165,1
DA:168,1
DA:169,1
DA:170,1
DA:176,1
DA:177,1
DA:178,1
DA:180,1
DA:181,1
DA:182,1
DA:186,1
DA:187,1
DA:189,1
DA:190,1
DA:191,1
DA:195,1
DA:196,1
DA:198,1
DA:199,1
DA:200,1
LF:105
LH:105
BRF:0
BRH:0
end_of_record
